#
# A fatal error has been detected by the Java Runtime Environment:
#
#  SIGSEGV (0xb) at pc=0x000000010b5cd358, pid=1212, tid=17155
#
# JRE version: Java(TM) SE Runtime Environment (8.0_91-b14) (build 1.8.0_91-b14)
# Java VM: Java HotSpot(TM) 64-Bit Server VM (25.91-b14 mixed mode bsd-amd64 compressed oops)
# Problematic frame:
# V  [libjvm.dylib+0x448358]  Method::checked_resolve_jmethod_id(_jmethodID*)+0xe
#
# Failed to write core dump. Core dumps have been disabled. To enable core dumping, try "ulimit -c unlimited" before starting Java again
#
# If you would like to submit a bug report, please visit:
#   http://bugreport.java.com/bugreport/crash.jsp
#

---------------  T H R E A D  ---------------

Current thread (0x00007ffd4a028000):  JavaThread "JDWP Transport Listener: dt_socket" daemon [_thread_in_vm, id=17155, stack(0x0000700000b3b000,0x0000700000c3b000)]

siginfo: si_signo: 11 (SIGSEGV), si_code: 1 (SEGV_MAPERR), si_addr: 0x00007ffd00000002

Registers:
RAX=0x0000000000000001, RBX=0x0000700000c3aa8b, RCX=0x000000010b99d340, RDX=0x0000700000c3aa8b
RSP=0x0000700000c3a9d0, RBP=0x0000700000c3a9e0, RSI=0x00007ffd4a028000, RDI=0x00007ffd00000002
R8 =0x0000000000000000, R9 =0x00007ffd49dc1510, R10=0x0000000025416e23, R11=0x00007ffd49d00000
R12=0x00007ffd4a028000, R13=0x00007ffd00000002, R14=0x00007ffd00000002, R15=0x00007ffd49d011c0
RIP=0x000000010b5cd358, EFLAGS=0x0000000000010202, ERR=0x0000000000000004
  TRAPNO=0x000000000000000e

Top of Stack: (sp=0x0000700000c3a9d0)
0x0000700000c3a9d0:   0000700000c3aa8b 0000700000c3aa8b
0x0000700000c3a9e0:   0000700000c3aa40 000000010b4dc316
0x0000700000c3a9f0:   00007ffd4a028000 0000000000000000
0x0000700000c3aa00:   0000000000000000 0000000000000000
0x0000700000c3aa10:   00007ffd4a028000 00007ffd4a028000
0x0000700000c3aa20:   0000700000c3aa8b 0000700000c3aa90
0x0000700000c3aa30:   00007ffd00000002 0000000000000002
0x0000700000c3aa40:   0000700000c3aa60 000000010c181780
0x0000700000c3aa50:   0000000000000001 0000700000c3ab08
0x0000700000c3aa60:   0000700000c3aad0 000000010c1661f3
0x0000700000c3aa70:   0000700000c3aaa0 00007ffd49dc1960
0x0000700000c3aa80:   0000000300000032 0000000900c3ab08
0x0000700000c3aa90:   0000000000000000 0000000000000000
0x0000700000c3aaa0:   0000000000000000 0000700000c3ac90
0x0000700000c3aab0:   000000010c188e7a 00007ffd49dc18c0
0x0000700000c3aac0:   0000700000c3ab08 000000010c194598
0x0000700000c3aad0:   0000700000c3aae0 000000010c1662ec
0x0000700000c3aae0:   0000700000c3ad00 000000010c16f898
0x0000700000c3aaf0:   0000128800000013 00000000000f0200
0x0000700000c3ab00:   00007ffd49dc0bd0 0000700000c3abd5
0x0000700000c3ab10:   00007ffd000000af 0000700000c3ab20
0x0000700000c3ab20:   000000000000007d 0000700000c3ab58
0x0000700000c3ab30:   0000000000000000 0000000000000000
0x0000700000c3ab40:   000012880000001c 00007fff00006c80
0x0000700000c3ab50:   0000700000c3ab58 fd7f000003000000
0x0000700000c3ab60:   09000000e0dcd949 6553746573657250
0x0000700000c3ab70:   6a4c282600000074 676e616c2f617661
0x0000700000c3ab80:   3b676e697274532f 6c2f6176616a4c29
0x0000700000c3ab90:   697274532f676e61 00000000003b676e
0x0000700000c3aba0:   49fd7f00000a0000 6d0400000018a3c2
0x0000700000c3abb0:   28160000006e6961 6c2f6176616a4c5b
0x0000700000c3abc0:   697274532f676e61 00000056293b676e 

Instructions: (pc=0x000000010b5cd358)
0x000000010b5cd338:   40 48 48 85 c0 75 e0 30 c0 0f b6 c0 5d c3 31 c0
0x000000010b5cd348:   5d c3 55 48 89 e5 53 48 83 ec 08 48 85 ff 74 24
0x000000010b5cd358:   48 8b 1f 48 85 db 74 1c 48 83 fb 37 74 16 48 8b
0x000000010b5cd368:   03 48 89 df ff 50 10 84 c0 b8 00 00 00 00 48 0f 

Register to memory mapping:

RAX=0x0000000000000001 is an unknown value
RBX=0x0000700000c3aa8b is pointing into the stack for thread: 0x00007ffd4a028000
RCX=0x000000010b99d340: UseMembar+0 in /Library/Java/JavaVirtualMachines/jdk1.8.0_91.jdk/Contents/Home/jre/lib/server/libjvm.dylib at 0x000000010b185000
RDX=0x0000700000c3aa8b is pointing into the stack for thread: 0x00007ffd4a028000
RSP=0x0000700000c3a9d0 is pointing into the stack for thread: 0x00007ffd4a028000
RBP=0x0000700000c3a9e0 is pointing into the stack for thread: 0x00007ffd4a028000
RSI=0x00007ffd4a028000 is a thread
RDI=0x00007ffd00000002 is an unknown value
R8 =0x0000000000000000 is an unknown value
R9 =0x00007ffd49dc1510 is an unknown value
R10=0x0000000025416e23 is an unknown value
R11=0x00007ffd49d00000 is an unknown value
R12=0x00007ffd4a028000 is a thread
R13=0x00007ffd00000002 is an unknown value
R14=0x00007ffd00000002 is an unknown value
R15=0x00007ffd49d011c0 is an unknown value


Stack: [0x0000700000b3b000,0x0000700000c3b000],  sp=0x0000700000c3a9d0,  free space=1022k
Native frames: (J=compiled Java code, j=interpreted, Vv=VM code, C=native code)
V  [libjvm.dylib+0x448358]  Method::checked_resolve_jmethod_id(_jmethodID*)+0xe
V  [libjvm.dylib+0x357316]  jvmti_IsMethodSynthetic+0xb2
C  [libjdwp.dylib+0x20780]  isMethodSynthetic+0x63
C  [libjdwp.dylib+0x51f3]  methods1+0x10b
C  [libjdwp.dylib+0x52ec]  methodsWithGeneric+0xe
C  [libjdwp.dylib+0xe898]  debugLoop_run+0x1ce
C  [libjdwp.dylib+0x1f6ba]  attachThread+0x4d
V  [libjvm.dylib+0x39867c]  JvmtiAgentThread::call_start_function()+0x38
V  [libjvm.dylib+0x563d17]  JavaThread::thread_main_inner()+0x9b
V  [libjvm.dylib+0x565412]  JavaThread::run()+0x1c2
V  [libjvm.dylib+0x484f82]  java_start(Thread*)+0xf6
C  [libsystem_pthread.dylib+0x399d]  _pthread_body+0x83
C  [libsystem_pthread.dylib+0x391a]  _pthread_body+0x0
C  [libsystem_pthread.dylib+0x1351]  thread_start+0xd
C  0x0000000000000000


---------------  P R O C E S S  ---------------

Java Threads: ( => current thread )
  0x00007ffd4ba52800 JavaThread "java-sdk-http-connection-reaper" daemon [_thread_blocked, id=21251, stack(0x0000700001353000,0x0000700001453000)]
  0x00007ffd4a81b800 JavaThread "Service Thread" daemon [_thread_blocked, id=20227, stack(0x000070000114d000,0x000070000124d000)]
  0x00007ffd4a039800 JavaThread "C1 CompilerThread2" daemon [_thread_blocked, id=19715, stack(0x000070000104a000,0x000070000114a000)]
  0x00007ffd4b833800 JavaThread "C2 CompilerThread1" daemon [_thread_blocked, id=19203, stack(0x0000700000f47000,0x0000700001047000)]
  0x00007ffd4a027000 JavaThread "C2 CompilerThread0" daemon [_thread_blocked, id=18691, stack(0x0000700000e44000,0x0000700000f44000)]
  0x00007ffd4b832800 JavaThread "JDWP Command Reader" daemon [_thread_in_native, id=18179, stack(0x0000700000d41000,0x0000700000e41000)]
  0x00007ffd4a811000 JavaThread "JDWP Event Helper Thread" daemon [_thread_blocked, id=17667, stack(0x0000700000c3e000,0x0000700000d3e000)]
=>0x00007ffd4a028000 JavaThread "JDWP Transport Listener: dt_socket" daemon [_thread_in_vm, id=17155, stack(0x0000700000b3b000,0x0000700000c3b000)]
  0x00007ffd4b03d000 JavaThread "Signal Dispatcher" daemon [_thread_blocked, id=13839, stack(0x0000700000a38000,0x0000700000b38000)]
  0x00007ffd4b018800 JavaThread "Finalizer" daemon [_thread_blocked, id=12291, stack(0x000070000082f000,0x000070000092f000)]
  0x00007ffd4b015800 JavaThread "Reference Handler" daemon [_thread_blocked, id=11779, stack(0x000070000072c000,0x000070000082c000)]
  0x00007ffd4b006800 JavaThread "main" [_thread_blocked, id=5891, stack(0x000070000011a000,0x000070000021a000)]

Other Threads:
  0x00007ffd4b852000 VMThread [stack: 0x0000700000629000,0x0000700000729000] [id=11267]
  0x00007ffd4b01e000 WatcherThread [stack: 0x0000700001250000,0x0000700001350000] [id=20739]

VM state:not at safepoint (normal execution)

VM Mutex/Monitor currently owned by a thread: None

Heap:
 PSYoungGen      total 38400K, used 21376K [0x0000000795580000, 0x0000000798000000, 0x00000007c0000000)
  eden space 33280K, 48% used [0x0000000795580000,0x0000000796562ff8,0x0000000797600000)
  from space 5120K, 99% used [0x0000000797600000,0x0000000797afd388,0x0000000797b00000)
  to   space 5120K, 0% used [0x0000000797b00000,0x0000000797b00000,0x0000000798000000)
 ParOldGen       total 87552K, used 2227K [0x0000000740000000, 0x0000000745580000, 0x0000000795580000)
  object space 87552K, 2% used [0x0000000740000000,0x000000074022cce0,0x0000000745580000)
 Metaspace       used 15231K, capacity 15476K, committed 15744K, reserved 1062912K
  class space    used 1787K, capacity 1864K, committed 1920K, reserved 1048576K

Card table byte_map: [0x000000011bdc0000,0x000000011c1c1000] byte_map_base: 0x00000001183c0000

Marking Bits: (ParMarkBitMap*) 0x000000010ba6beb0
 Begin Bits: [0x000000011c46c000, 0x000000011e46c000)
 End Bits:   [0x000000011e46c000, 0x000000012046c000)

Polling page: 0x000000010c160000

CodeCache: size=245760Kb used=4315Kb max_used=4331Kb free=241444Kb
 bounds [0x000000010ca00000, 0x000000010ce40000, 0x000000011ba00000]
 total_blobs=1566 nmethods=1182 adapters=306
 compilation: enabled

Compilation events (10 events):
Event: 8.506 Thread 0x00007ffd4b833800 1178       4       java.lang.String::equalsIgnoreCase (48 bytes)
Event: 8.507 Thread 0x00007ffd4b833800 nmethod 1178 0x000000010ce34cd0 code [0x000000010ce34e20, 0x000000010ce34f68]
Event: 8.557 Thread 0x00007ffd4a027000 1179       4       sun.net.www.ParseUtil::encodePath (336 bytes)
Event: 8.567 Thread 0x00007ffd4a039800 1180       3       org.apache.http.util.Args::notNull (33 bytes)
Event: 8.568 Thread 0x00007ffd4a039800 nmethod 1180 0x000000010ce36fd0 code [0x000000010ce371c0, 0x000000010ce379d8]
Event: 8.570 Thread 0x00007ffd4b833800 1181       4       java.lang.String::substring (56 bytes)
Event: 8.577 Thread 0x00007ffd4b833800 nmethod 1181 0x000000010ce35090 code [0x000000010ce35220, 0x000000010ce35718]
Event: 8.578 Thread 0x00007ffd4a039800 1182  s    3       java.io.FileDescriptor::attach (73 bytes)
Event: 8.579 Thread 0x00007ffd4a039800 nmethod 1182 0x000000010ce35c50 code [0x000000010ce35e60, 0x000000010ce36a08]
Event: 8.588 Thread 0x00007ffd4a027000 nmethod 1179 0x000000010ce3c3d0 code [0x000000010ce3c5a0, 0x000000010ce3d838]

GC Heap History (2 events):
Event: 0.950 GC heap before
{Heap before GC invocations=1 (full 0):
 PSYoungGen      total 38400K, used 33280K [0x0000000795580000, 0x0000000798000000, 0x00000007c0000000)
  eden space 33280K, 100% used [0x0000000795580000,0x0000000797600000,0x0000000797600000)
  from space 5120K, 0% used [0x0000000797b00000,0x0000000797b00000,0x0000000798000000)
  to   space 5120K, 0% used [0x0000000797600000,0x0000000797600000,0x0000000797b00000)
 ParOldGen       total 87552K, used 0K [0x0000000740000000, 0x0000000745580000, 0x0000000795580000)
  object space 87552K, 0% used [0x0000000740000000,0x0000000740000000,0x0000000745580000)
 Metaspace       used 11671K, capacity 11848K, committed 11904K, reserved 1060864K
  class space    used 1318K, capacity 1382K, committed 1408K, reserved 1048576K
Event: 0.957 GC heap after
Heap after GC invocations=1 (full 0):
 PSYoungGen      total 38400K, used 5108K [0x0000000795580000, 0x0000000798000000, 0x00000007c0000000)
  eden space 33280K, 0% used [0x0000000795580000,0x0000000795580000,0x0000000797600000)
  from space 5120K, 99% used [0x0000000797600000,0x0000000797afd388,0x0000000797b00000)
  to   space 5120K, 0% used [0x0000000797b00000,0x0000000797b00000,0x0000000798000000)
 ParOldGen       total 87552K, used 2227K [0x0000000740000000, 0x0000000745580000, 0x0000000795580000)
  object space 87552K, 2% used [0x0000000740000000,0x000000074022cce0,0x0000000745580000)
 Metaspace       used 11671K, capacity 11848K, committed 11904K, reserved 1060864K
  class space    used 1318K, capacity 1382K, committed 1408K, reserved 1048576K
}

Deoptimization events (10 events):
Event: 0.782 Thread 0x00007ffd4b006800 Uncommon trap: reason=unstable_if action=reinterpret pc=0x000000010cc7c8a8 method=java.lang.CharacterDataLatin1.digit(II)I @ 82
Event: 0.886 Thread 0x00007ffd4b006800 Uncommon trap: reason=unstable_if action=reinterpret pc=0x000000010cd23ce8 method=java.util.HashMap.getNode(ILjava/lang/Object;)Ljava/util/HashMap$Node; @ 129
Event: 0.887 Thread 0x00007ffd4b006800 Uncommon trap: reason=unstable_if action=reinterpret pc=0x000000010cce6e78 method=java.util.HashMap.getNode(ILjava/lang/Object;)Ljava/util/HashMap$Node; @ 129
Event: 8.316 Thread 0x00007ffd4b006800 Uncommon trap: reason=unstable_if action=reinterpret pc=0x000000010cd607dc method=java.util.concurrent.ConcurrentHashMap.putVal(Ljava/lang/Object;Ljava/lang/Object;Z)Ljava/lang/Object; @ 206
Event: 8.353 Thread 0x00007ffd4b006800 Uncommon trap: reason=unstable_if action=reinterpret pc=0x000000010cb4bf4c method=java.lang.String.startsWith(Ljava/lang/String;I)Z @ 25
Event: 8.365 Thread 0x00007ffd4b006800 Uncommon trap: reason=unstable_if action=reinterpret pc=0x000000010cc32a20 method=java.io.UnixFileSystem.normalize(Ljava/lang/String;)Ljava/lang/String; @ 60
Event: 8.378 Thread 0x00007ffd4b006800 Uncommon trap: reason=unstable_if action=reinterpret pc=0x000000010cce74d0 method=java.io.ByteArrayInputStream.read()I @ 8
Event: 8.455 Thread 0x00007ffd4b006800 Uncommon trap: reason=unstable_if action=reinterpret pc=0x000000010cd5ab70 method=java.util.concurrent.ConcurrentHashMap.addCount(JI)V @ 121
Event: 8.508 Thread 0x00007ffd4b006800 Uncommon trap: reason=unstable_if action=reinterpret pc=0x000000010cc70774 method=java.lang.CharacterDataLatin1.digit(II)I @ 82
Event: 8.512 Thread 0x00007ffd4b006800 Uncommon trap: reason=predicate action=maybe_recompile pc=0x000000010cc27004 method=sun.net.www.ParseUtil.encodePath(Ljava/lang/String;Z)Ljava/lang/String; @ 36

Internal exceptions (10 events):
Event: 0.758 Thread 0x00007ffd4b006800 Exception <a 'java/lang/NoSuchFieldError': method resolution failed> (0x0000000796c963a8) thrown at [/Users/java_re/workspace/8-2-build-macosx-x86_64/jdk8u91/6644/hotspot/src/share/vm/prims/methodHandles.cpp, line 1146]
Event: 0.761 Thread 0x00007ffd4b006800 Exception <a 'java/lang/NoSuchFieldError': method resolution failed> (0x0000000796ca3a68) thrown at [/Users/java_re/workspace/8-2-build-macosx-x86_64/jdk8u91/6644/hotspot/src/share/vm/prims/methodHandles.cpp, line 1146]
Event: 1.008 Thread 0x00007ffd4b006800 Exception <a 'java/lang/ArrayIndexOutOfBoundsException'> (0x000000079576cf38) thrown at [/Users/java_re/workspace/8-2-build-macosx-x86_64/jdk8u91/6644/hotspot/src/share/vm/runtime/sharedRuntime.cpp, line 605]
Event: 1.008 Thread 0x00007ffd4b006800 Exception <a 'java/lang/ArrayIndexOutOfBoundsException'> (0x000000079576e1e0) thrown at [/Users/java_re/workspace/8-2-build-macosx-x86_64/jdk8u91/6644/hotspot/src/share/vm/runtime/sharedRuntime.cpp, line 605]
Event: 1.009 Thread 0x00007ffd4b006800 Exception <a 'java/lang/ArrayIndexOutOfBoundsException'> (0x000000079576f7d0) thrown at [/Users/java_re/workspace/8-2-build-macosx-x86_64/jdk8u91/6644/hotspot/src/share/vm/runtime/sharedRuntime.cpp, line 605]
Event: 1.016 Thread 0x00007ffd4b006800 Exception <a 'java/lang/ArrayIndexOutOfBoundsException'> (0x00000007957970e8) thrown at [/Users/java_re/workspace/8-2-build-macosx-x86_64/jdk8u91/6644/hotspot/src/share/vm/runtime/sharedRuntime.cpp, line 605]
Event: 1.016 Thread 0x00007ffd4b006800 Exception <a 'java/lang/ArrayIndexOutOfBoundsException'> (0x00000007957982d8) thrown at [/Users/java_re/workspace/8-2-build-macosx-x86_64/jdk8u91/6644/hotspot/src/share/vm/runtime/sharedRuntime.cpp, line 605]
Event: 1.017 Thread 0x00007ffd4b006800 Exception <a 'java/lang/ArrayIndexOutOfBoundsException'> (0x0000000795799870) thrown at [/Users/java_re/workspace/8-2-build-macosx-x86_64/jdk8u91/6644/hotspot/src/share/vm/runtime/sharedRuntime.cpp, line 605]
Event: 1.023 Thread 0x00007ffd4b006800 Exception <a 'java/lang/ArrayIndexOutOfBoundsException'> (0x00000007957bf738) thrown at [/Users/java_re/workspace/8-2-build-macosx-x86_64/jdk8u91/6644/hotspot/src/share/vm/runtime/sharedRuntime.cpp, line 605]
Event: 1.030 Thread 0x00007ffd4b006800 Exception <a 'java/lang/ArrayIndexOutOfBoundsException'> (0x00000007957d0138) thrown at [/Users/java_re/workspace/8-2-build-macosx-x86_64/jdk8u91/6644/hotspot/src/share/vm/runtime/sharedRuntime.cpp, line 605]

Events (10 events):
Event: 60.966 loading class org/apache/http/pool/AbstractConnPool$3
Event: 60.966 loading class org/apache/http/pool/AbstractConnPool$3 done
Event: 60.966 Thread 0x00007ffd4ba52800 DEOPT PACKING pc=0x000000010cb98b71 sp=0x00007000014514f0
Event: 60.966 Thread 0x00007ffd4ba52800 DEOPT UNPACKING pc=0x000000010ca47633 sp=0x0000700001451260 mode 1
Event: 60.966 Thread 0x00007ffd4ba52800 DEOPT PACKING pc=0x000000010cc2d7dc sp=0x0000700001451570
Event: 60.966 Thread 0x00007ffd4ba52800 DEOPT UNPACKING pc=0x000000010ca47633 sp=0x00007000014513b0 mode 1
Event: 60.966 Thread 0x00007ffd4ba52800 DEOPT PACKING pc=0x000000010cc2d57c sp=0x0000700001451700
Event: 60.966 Thread 0x00007ffd4ba52800 DEOPT UNPACKING pc=0x000000010ca47633 sp=0x0000700001451540 mode 1
Event: 630.654 Executing VM operation: RedefineClasses
Event: 630.662 Executing VM operation: RedefineClasses done


Dynamic libraries:
0x0000000009c98000 	/System/Library/Frameworks/Cocoa.framework/Versions/A/Cocoa
0x0000000009c98000 	/System/Library/Frameworks/Security.framework/Versions/A/Security
0x0000000009c98000 	/System/Library/Frameworks/ApplicationServices.framework/Versions/A/ApplicationServices
0x0000000009c98000 	/usr/lib/libz.1.dylib
0x0000000009c98000 	/usr/lib/libSystem.B.dylib
0x0000000009c98000 	/usr/lib/libobjc.A.dylib
0x0000000009c98000 	/System/Library/Frameworks/CoreFoundation.framework/Versions/A/CoreFoundation
0x0000000009c98000 	/System/Library/Frameworks/Foundation.framework/Versions/C/Foundation
0x0000000009c98000 	/System/Library/Frameworks/AppKit.framework/Versions/C/AppKit
0x0000000009c98000 	/System/Library/Frameworks/CoreData.framework/Versions/A/CoreData
0x0000000009c98000 	/System/Library/PrivateFrameworks/RemoteViewServices.framework/Versions/A/RemoteViewServices
0x0000000009c98000 	/System/Library/PrivateFrameworks/UIFoundation.framework/Versions/A/UIFoundation
0x0000000009c98000 	/usr/lib/libScreenReader.dylib
0x0000000009c98000 	/System/Library/Frameworks/Accelerate.framework/Versions/A/Accelerate
0x0000000009c98000 	/System/Library/Frameworks/IOSurface.framework/Versions/A/IOSurface
0x0000000009c98000 	/System/Library/Frameworks/AudioToolbox.framework/Versions/A/AudioToolbox
0x0000000009c98000 	/System/Library/Frameworks/AudioUnit.framework/Versions/A/AudioUnit
0x0000000009c98000 	/System/Library/PrivateFrameworks/DataDetectorsCore.framework/Versions/A/DataDetectorsCore
0x0000000009c98000 	/System/Library/PrivateFrameworks/DesktopServicesPriv.framework/Versions/A/DesktopServicesPriv
0x0000000009c98000 	/System/Library/Frameworks/Carbon.framework/Versions/A/Frameworks/HIToolbox.framework/Versions/A/HIToolbox
0x0000000009c98000 	/System/Library/Frameworks/QuartzCore.framework/Versions/A/QuartzCore
0x0000000009c98000 	/System/Library/Frameworks/Carbon.framework/Versions/A/Frameworks/SpeechRecognition.framework/Versions/A/SpeechRecognition
0x0000000009c98000 	/usr/lib/libauto.dylib
0x0000000009c98000 	/usr/lib/libicucore.A.dylib
0x0000000009c98000 	/usr/lib/libxml2.2.dylib
0x0000000009c98000 	/System/Library/PrivateFrameworks/CoreUI.framework/Versions/A/CoreUI
0x0000000009c98000 	/System/Library/Frameworks/CoreAudio.framework/Versions/A/CoreAudio
0x0000000009c98000 	/System/Library/Frameworks/DiskArbitration.framework/Versions/A/DiskArbitration
0x0000000009c98000 	/usr/lib/liblangid.dylib
0x0000000009c98000 	/System/Library/PrivateFrameworks/MultitouchSupport.framework/Versions/A/MultitouchSupport
0x0000000009c98000 	/System/Library/Frameworks/IOKit.framework/Versions/A/IOKit
0x0000000009c98000 	/usr/lib/libDiagnosticMessagesClient.dylib
0x0000000009c98000 	/System/Library/Frameworks/CoreServices.framework/Versions/A/CoreServices
0x0000000009c98000 	/System/Library/PrivateFrameworks/PerformanceAnalysis.framework/Versions/A/PerformanceAnalysis
0x0000000009c98000 	/System/Library/PrivateFrameworks/GenerationalStorage.framework/Versions/A/GenerationalStorage
0x0000000009c98000 	/System/Library/Frameworks/OpenGL.framework/Versions/A/OpenGL
0x0000000009c98000 	/System/Library/PrivateFrameworks/Sharing.framework/Versions/A/Sharing
0x0000000009c98000 	/System/Library/Frameworks/CoreGraphics.framework/Versions/A/CoreGraphics
0x0000000009c98000 	/System/Library/Frameworks/CoreImage.framework/Versions/A/CoreImage
0x0000000009c98000 	/System/Library/Frameworks/CoreText.framework/Versions/A/CoreText
0x0000000009c98000 	/System/Library/Frameworks/ImageIO.framework/Versions/A/ImageIO
0x0000000009c98000 	/System/Library/PrivateFrameworks/Backup.framework/Versions/A/Backup
0x0000000009c98000 	/usr/lib/libextension.dylib
0x0000000009c98000 	/usr/lib/libarchive.2.dylib
0x0000000009c98000 	/System/Library/Frameworks/CFNetwork.framework/Versions/A/CFNetwork
0x0000000009c98000 	/System/Library/Frameworks/SystemConfiguration.framework/Versions/A/SystemConfiguration
0x0000000009c98000 	/usr/lib/libCRFSuite.dylib
0x0000000009c98000 	/usr/lib/libc++.1.dylib
0x0000000009c98000 	/usr/lib/libc++abi.dylib
0x0000000009c98000 	/usr/lib/system/libcache.dylib
0x0000000009c98000 	/usr/lib/system/libcommonCrypto.dylib
0x0000000009c98000 	/usr/lib/system/libcompiler_rt.dylib
0x0000000009c98000 	/usr/lib/system/libcopyfile.dylib
0x0000000009c98000 	/usr/lib/system/libcorecrypto.dylib
0x0000000009c98000 	/usr/lib/system/libdispatch.dylib
0x0000000009c98000 	/usr/lib/system/libdyld.dylib
0x0000000009c98000 	/usr/lib/system/libkeymgr.dylib
0x0000000009c98000 	/usr/lib/system/liblaunch.dylib
0x0000000009c98000 	/usr/lib/system/libmacho.dylib
0x0000000009c98000 	/usr/lib/system/libquarantine.dylib
0x0000000009c98000 	/usr/lib/system/libremovefile.dylib
0x0000000009c98000 	/usr/lib/system/libsystem_asl.dylib
0x0000000009c98000 	/usr/lib/system/libsystem_blocks.dylib
0x0000000009c98000 	/usr/lib/system/libsystem_c.dylib
0x0000000009c98000 	/usr/lib/system/libsystem_configuration.dylib
0x0000000009c98000 	/usr/lib/system/libsystem_coreservices.dylib
0x0000000009c98000 	/usr/lib/system/libsystem_coretls.dylib
0x0000000009c98000 	/usr/lib/system/libsystem_dnssd.dylib
0x0000000009c98000 	/usr/lib/system/libsystem_info.dylib
0x0000000009c98000 	/usr/lib/system/libsystem_kernel.dylib
0x0000000009c98000 	/usr/lib/system/libsystem_m.dylib
0x0000000009c98000 	/usr/lib/system/libsystem_malloc.dylib
0x0000000009c98000 	/usr/lib/system/libsystem_network.dylib
0x0000000009c98000 	/usr/lib/system/libsystem_networkextension.dylib
0x0000000009c98000 	/usr/lib/system/libsystem_notify.dylib
0x0000000009c98000 	/usr/lib/system/libsystem_platform.dylib
0x0000000009c98000 	/usr/lib/system/libsystem_pthread.dylib
0x0000000009c98000 	/usr/lib/system/libsystem_sandbox.dylib
0x0000000009c98000 	/usr/lib/system/libsystem_secinit.dylib
0x0000000009c98000 	/usr/lib/system/libsystem_trace.dylib
0x0000000009c98000 	/usr/lib/system/libunc.dylib
0x0000000009c98000 	/usr/lib/system/libunwind.dylib
0x0000000009c98000 	/usr/lib/system/libxpc.dylib
0x0000000009c98000 	/usr/lib/libenergytrace.dylib
0x0000000009c98000 	/usr/lib/libbsm.0.dylib
0x0000000009c98000 	/usr/lib/system/libkxld.dylib
0x0000000009c98000 	/usr/lib/libxar.1.dylib
0x0000000009c98000 	/usr/lib/libsqlite3.dylib
0x0000000009c98000 	/usr/lib/libpam.2.dylib
0x0000000009c98000 	/usr/lib/libOpenScriptingUtil.dylib
0x0000000009c98000 	/usr/lib/libbz2.1.0.dylib
0x0000000009c98000 	/usr/lib/liblzma.5.dylib
0x0000000009c98000 	/System/Library/Frameworks/CoreServices.framework/Versions/A/Frameworks/FSEvents.framework/Versions/A/FSEvents
0x0000000009c98000 	/System/Library/Frameworks/CoreServices.framework/Versions/A/Frameworks/CarbonCore.framework/Versions/A/CarbonCore
0x0000000009c98000 	/System/Library/Frameworks/CoreServices.framework/Versions/A/Frameworks/Metadata.framework/Versions/A/Metadata
0x0000000009c98000 	/System/Library/Frameworks/CoreServices.framework/Versions/A/Frameworks/OSServices.framework/Versions/A/OSServices
0x0000000009c98000 	/System/Library/Frameworks/CoreServices.framework/Versions/A/Frameworks/SearchKit.framework/Versions/A/SearchKit
0x0000000009c98000 	/System/Library/Frameworks/CoreServices.framework/Versions/A/Frameworks/AE.framework/Versions/A/AE
0x0000000009c98000 	/System/Library/Frameworks/CoreServices.framework/Versions/A/Frameworks/LaunchServices.framework/Versions/A/LaunchServices
0x0000000009c98000 	/System/Library/Frameworks/CoreServices.framework/Versions/A/Frameworks/DictionaryServices.framework/Versions/A/DictionaryServices
0x0000000009c98000 	/System/Library/Frameworks/CoreServices.framework/Versions/A/Frameworks/SharedFileList.framework/Versions/A/SharedFileList
0x0000000009c98000 	/System/Library/Frameworks/NetFS.framework/Versions/A/NetFS
0x0000000009c98000 	/System/Library/PrivateFrameworks/NetAuth.framework/Versions/A/NetAuth
0x0000000009c98000 	/System/Library/PrivateFrameworks/login.framework/Versions/A/Frameworks/loginsupport.framework/Versions/A/loginsupport
0x0000000009c98000 	/System/Library/PrivateFrameworks/TCC.framework/Versions/A/TCC
0x0000000009c98000 	/usr/lib/libmecabra.dylib
0x0000000009c98000 	/System/Library/Frameworks/ApplicationServices.framework/Versions/A/Frameworks/ATS.framework/Versions/A/ATS
0x0000000009c98000 	/System/Library/Frameworks/ApplicationServices.framework/Versions/A/Frameworks/ColorSync.framework/Versions/A/ColorSync
0x0000000009c98000 	/System/Library/Frameworks/ApplicationServices.framework/Versions/A/Frameworks/HIServices.framework/Versions/A/HIServices
0x0000000009c98000 	/System/Library/Frameworks/ApplicationServices.framework/Versions/A/Frameworks/LangAnalysis.framework/Versions/A/LangAnalysis
0x0000000009c98000 	/System/Library/Frameworks/ApplicationServices.framework/Versions/A/Frameworks/PrintCore.framework/Versions/A/PrintCore
0x0000000009c98000 	/System/Library/Frameworks/ApplicationServices.framework/Versions/A/Frameworks/QD.framework/Versions/A/QD
0x0000000009c98000 	/System/Library/Frameworks/ApplicationServices.framework/Versions/A/Frameworks/SpeechSynthesis.framework/Versions/A/SpeechSynthesis
0x0000000009c98000 	/System/Library/Frameworks/Metal.framework/Versions/A/Metal
0x0000000009c98000 	/System/Library/Frameworks/Accelerate.framework/Versions/A/Frameworks/vImage.framework/Versions/A/vImage
0x0000000009c98000 	/System/Library/Frameworks/Accelerate.framework/Versions/A/Frameworks/vecLib.framework/Versions/A/vecLib
0x0000000009c98000 	/System/Library/Frameworks/Accelerate.framework/Versions/A/Frameworks/vecLib.framework/Versions/A/libvDSP.dylib
0x0000000009c98000 	/System/Library/Frameworks/Accelerate.framework/Versions/A/Frameworks/vecLib.framework/Versions/A/libvMisc.dylib
0x0000000009c98000 	/System/Library/Frameworks/Accelerate.framework/Versions/A/Frameworks/vecLib.framework/Versions/A/libLAPACK.dylib
0x0000000009c98000 	/System/Library/Frameworks/Accelerate.framework/Versions/A/Frameworks/vecLib.framework/Versions/A/libBLAS.dylib
0x0000000009c98000 	/System/Library/Frameworks/Accelerate.framework/Versions/A/Frameworks/vecLib.framework/Versions/A/libLinearAlgebra.dylib
0x0000000009c98000 	/System/Library/Frameworks/Accelerate.framework/Versions/A/Frameworks/vecLib.framework/Versions/A/libSparseBLAS.dylib
0x0000000009c98000 	/System/Library/PrivateFrameworks/GPUCompiler.framework/libmetal_timestamp.dylib
0x0000000009c98000 	/System/Library/Frameworks/OpenGL.framework/Versions/A/Libraries/libCoreFSCache.dylib
0x0000000009c98000 	/System/Library/PrivateFrameworks/IOAccelerator.framework/Versions/A/IOAccelerator
0x0000000009c98000 	/System/Library/Frameworks/ApplicationServices.framework/Versions/A/Frameworks/ATS.framework/Versions/A/Resources/libFontParser.dylib
0x0000000009c98000 	/System/Library/Frameworks/ApplicationServices.framework/Versions/A/Frameworks/ATS.framework/Versions/A/Resources/libFontRegistry.dylib
0x0000000009c98000 	/System/Library/PrivateFrameworks/AppleVPA.framework/Versions/A/AppleVPA
0x0000000009c98000 	/System/Library/PrivateFrameworks/AppleJPEG.framework/Versions/A/AppleJPEG
0x0000000009c98000 	/System/Library/Frameworks/ImageIO.framework/Versions/A/Resources/libJPEG.dylib
0x0000000009c98000 	/System/Library/Frameworks/ImageIO.framework/Versions/A/Resources/libTIFF.dylib
0x0000000009c98000 	/System/Library/Frameworks/ImageIO.framework/Versions/A/Resources/libPng.dylib
0x0000000009c98000 	/System/Library/Frameworks/ImageIO.framework/Versions/A/Resources/libGIF.dylib
0x0000000009c98000 	/System/Library/Frameworks/ImageIO.framework/Versions/A/Resources/libJP2.dylib
0x0000000009c98000 	/System/Library/Frameworks/ImageIO.framework/Versions/A/Resources/libRadiance.dylib
0x0000000009c98000 	/System/Library/Frameworks/CoreVideo.framework/Versions/A/CoreVideo
0x0000000009c98000 	/System/Library/Frameworks/OpenGL.framework/Versions/A/Libraries/libGLU.dylib
0x0000000009c98000 	/System/Library/Frameworks/OpenGL.framework/Versions/A/Libraries/libGFXShared.dylib
0x0000000009c98000 	/System/Library/Frameworks/OpenGL.framework/Versions/A/Libraries/libGL.dylib
0x0000000009c98000 	/System/Library/Frameworks/OpenGL.framework/Versions/A/Libraries/libGLImage.dylib
0x0000000009c98000 	/System/Library/Frameworks/OpenGL.framework/Versions/A/Libraries/libCVMSPluginSupport.dylib
0x0000000009c98000 	/System/Library/Frameworks/OpenGL.framework/Versions/A/Libraries/libCoreVMClient.dylib
0x0000000009c98000 	/usr/lib/libcompression.dylib
0x0000000009c98000 	/usr/lib/libcups.2.dylib
0x0000000009c98000 	/System/Library/Frameworks/Kerberos.framework/Versions/A/Kerberos
0x0000000009c98000 	/System/Library/Frameworks/GSS.framework/Versions/A/GSS
0x0000000009c98000 	/usr/lib/libresolv.9.dylib
0x0000000009c98000 	/usr/lib/libiconv.2.dylib
0x0000000009c98000 	/System/Library/PrivateFrameworks/Heimdal.framework/Versions/A/Heimdal
0x0000000009c98000 	/usr/lib/libheimdal-asn1.dylib
0x0000000009c98000 	/System/Library/Frameworks/OpenDirectory.framework/Versions/A/OpenDirectory
0x0000000009c98000 	/System/Library/PrivateFrameworks/CommonAuth.framework/Versions/A/CommonAuth
0x0000000009c98000 	/System/Library/Frameworks/OpenDirectory.framework/Versions/A/Frameworks/CFOpenDirectory.framework/Versions/A/CFOpenDirectory
0x0000000009c98000 	/System/Library/Frameworks/SecurityFoundation.framework/Versions/A/SecurityFoundation
0x0000000009c98000 	/System/Library/PrivateFrameworks/LanguageModeling.framework/Versions/A/LanguageModeling
0x0000000009c98000 	/usr/lib/libmarisa.dylib
0x0000000009c98000 	/usr/lib/libChineseTokenizer.dylib
0x0000000009c98000 	/usr/lib/libcmph.dylib
0x0000000009c98000 	/System/Library/Frameworks/ServiceManagement.framework/Versions/A/ServiceManagement
0x0000000009c98000 	/usr/lib/libxslt.1.dylib
0x0000000009c98000 	/System/Library/Frameworks/Carbon.framework/Versions/A/Frameworks/Ink.framework/Versions/A/Ink
0x0000000009c98000 	/usr/lib/libFosl_dynamic.dylib
0x0000000009c98000 	/System/Library/PrivateFrameworks/FaceCore.framework/Versions/A/FaceCore
0x0000000009c98000 	/System/Library/Frameworks/OpenCL.framework/Versions/A/OpenCL
0x0000000009c98000 	/System/Library/PrivateFrameworks/CrashReporterSupport.framework/Versions/A/CrashReporterSupport
0x0000000009c98000 	/System/Library/PrivateFrameworks/IconServices.framework/Versions/A/IconServices
0x0000000009c98000 	/System/Library/PrivateFrameworks/Apple80211.framework/Versions/A/Apple80211
0x0000000009c98000 	/System/Library/Frameworks/CoreWLAN.framework/Versions/A/CoreWLAN
0x0000000009c98000 	/System/Library/Frameworks/IOBluetooth.framework/Versions/A/IOBluetooth
0x0000000009c98000 	/System/Library/PrivateFrameworks/CoreWiFi.framework/Versions/A/CoreWiFi
0x0000000009c98000 	/System/Library/Frameworks/CoreBluetooth.framework/Versions/A/CoreBluetooth
0x0000000009c98000 	/System/Library/PrivateFrameworks/ChunkingLibrary.framework/Versions/A/ChunkingLibrary
0x0000000009c98000 	/System/Library/PrivateFrameworks/DebugSymbols.framework/Versions/A/DebugSymbols
0x0000000009c98000 	/System/Library/PrivateFrameworks/CoreSymbolication.framework/Versions/A/CoreSymbolication
0x0000000009c98000 	/System/Library/PrivateFrameworks/Symbolication.framework/Versions/A/Symbolication
0x0000000009c98000 	/System/Library/PrivateFrameworks/SpeechRecognitionCore.framework/Versions/A/SpeechRecognitionCore
0x000000010b141000 	/System/Library/CoreServices/Encodings/libSimplifiedChineseConverter.dylib
0x000000010b185000 	/Library/Java/JavaVirtualMachines/jdk1.8.0_91.jdk/Contents/Home/jre/lib/server/libjvm.dylib
0x0000000009c98000 	/usr/lib/libstdc++.6.dylib
0x000000010c11d000 	/Library/Java/JavaVirtualMachines/jdk1.8.0_91.jdk/Contents/Home/jre/lib/libverify.dylib
0x000000010c12b000 	/Library/Java/JavaVirtualMachines/jdk1.8.0_91.jdk/Contents/Home/jre/lib/libjava.dylib
0x000000010c161000 	/Library/Java/JavaVirtualMachines/jdk1.8.0_91.jdk/Contents/Home/jre/lib/libjdwp.dylib
0x000000010c1ac000 	/Library/Java/JavaVirtualMachines/jdk1.8.0_91.jdk/Contents/Home/jre/lib/libnpt.dylib
0x000000010c1b9000 	/Library/Java/JavaVirtualMachines/jdk1.8.0_91.jdk/Contents/Home/jre/lib/libzip.dylib
0x000000012233a000 	/System/Library/Frameworks/JavaVM.framework/Frameworks/JavaRuntimeSupport.framework/JavaRuntimeSupport
0x000000010c1eb000 	/System/Library/Frameworks/JavaVM.framework/Versions/A/Frameworks/JavaNativeFoundation.framework/Versions/A/JavaNativeFoundation
0x0000000122355000 	/System/Library/Frameworks/JavaVM.framework/Versions/A/JavaVM
0x0000000009c98000 	/System/Library/Frameworks/Carbon.framework/Versions/A/Carbon
0x0000000122362000 	/System/Library/PrivateFrameworks/JavaLaunching.framework/Versions/A/JavaLaunching
0x0000000009c98000 	/System/Library/Frameworks/Carbon.framework/Versions/A/Frameworks/CommonPanels.framework/Versions/A/CommonPanels
0x0000000009c98000 	/System/Library/Frameworks/Carbon.framework/Versions/A/Frameworks/Help.framework/Versions/A/Help
0x0000000009c98000 	/System/Library/Frameworks/Carbon.framework/Versions/A/Frameworks/ImageCapture.framework/Versions/A/ImageCapture
0x0000000009c98000 	/System/Library/Frameworks/Carbon.framework/Versions/A/Frameworks/OpenScripting.framework/Versions/A/OpenScripting
0x0000000009c98000 	/System/Library/Frameworks/Carbon.framework/Versions/A/Frameworks/Print.framework/Versions/A/Print
0x0000000009c98000 	/System/Library/Frameworks/Carbon.framework/Versions/A/Frameworks/SecurityHI.framework/Versions/A/SecurityHI
0x0000000123c8b000 	/Library/Java/JavaVirtualMachines/jdk1.8.0_91.jdk/Contents/Home/jre/lib/libdt_socket.dylib
0x00000001242a7000 	/Library/Java/JavaVirtualMachines/jdk1.8.0_91.jdk/Contents/Home/jre/lib/libsunec.dylib
0x0000000124516000 	/Library/Java/JavaVirtualMachines/jdk1.8.0_91.jdk/Contents/Home/jre/lib/libmanagement.dylib
0x0000000124524000 	/Library/Java/JavaVirtualMachines/jdk1.8.0_91.jdk/Contents/Home/jre/lib/libnet.dylib
0x000000012453b000 	/Library/Java/JavaVirtualMachines/jdk1.8.0_91.jdk/Contents/Home/jre/lib/libnio.dylib

VM Arguments:
jvm_args: -agentlib:jdwp=transport=dt_socket,suspend=y,address=localhost:50902 -Dfile.encoding=GBK 
java_command: com.ksc.offline.TestOffline
java_class_path (initial): /Users/liubohua/Documents/workspace/ksc-sdk-java-offline/target/classes:/Users/liubohua/Documents/workspace/ksc-sdk-java-offline/libs/json.jar:/Users/liubohua/Downloads/ksc-sdk-java-master/ksc-sdk-java-core/target/classes:/Users/liubohua/.m2/repository/commons-logging/commons-logging/1.1.3/commons-logging-1.1.3.jar:/Users/liubohua/.m2/repository/org/apache/httpcomponents/httpclient/4.5.2/httpclient-4.5.2.jar:/Users/liubohua/.m2/repository/org/apache/httpcomponents/httpcore/4.4.4/httpcore-4.4.4.jar:/Users/liubohua/.m2/repository/commons-codec/commons-codec/1.9/commons-codec-1.9.jar:/Users/liubohua/.m2/repository/com/fasterxml/jackson/core/jackson-databind/2.6.6/jackson-databind-2.6.6.jar:/Users/liubohua/.m2/repository/com/fasterxml/jackson/core/jackson-annotations/2.6.0/jackson-annotations-2.6.0.jar:/Users/liubohua/.m2/repository/com/fasterxml/jackson/core/jackson-core/2.6.6/jackson-core-2.6.6.jar:/Users/liubohua/.m2/repository/com/fasterxml/jackson/dataformat/jackson-dataformat-cbor/2.6.6/jackson-dataformat-cbor-2.6.6.jar:/Users/liubohua/.m2/repository/joda-time/joda-time/2.8.1/joda-time-2.8.1.jar:/Users/liubohua/.m2/repository/org/projectlombok/lombok/1.16.6/lombok-1.16.6.jar:/Users/liubohua/.m2/repository/commons-lang/commons-lang/2.6/commons-lang-2.6.jar
Launcher Type: SUN_STANDARD

Environment Variables:
PATH=/usr/bin:/bin:/usr/sbin:/sbin
SHELL=/bin/bash
DISPLAY=/private/tmp/com.apple.launchd.SIN93Q2aIe/org.macosforge.xquartz:0

Signal Handlers:
SIGSEGV: [libjvm.dylib+0x5a97a1], sa_mask[0]=11111111011111110111111111111111, sa_flags=SA_ONSTACK|SA_RESTART|SA_SIGINFO
SIGBUS: [libjvm.dylib+0x5a97a1], sa_mask[0]=11111111011111110111111111111111, sa_flags=SA_RESTART|SA_SIGINFO
SIGFPE: [libjvm.dylib+0x482594], sa_mask[0]=11111111011111110111111111111111, sa_flags=SA_RESTART|SA_SIGINFO
SIGPIPE: [libjvm.dylib+0x482594], sa_mask[0]=11111111011111110111111111111111, sa_flags=SA_RESTART|SA_SIGINFO
SIGXFSZ: [libjvm.dylib+0x482594], sa_mask[0]=11111111011111110111111111111111, sa_flags=SA_RESTART|SA_SIGINFO
SIGILL: [libjvm.dylib+0x482594], sa_mask[0]=11111111011111110111111111111111, sa_flags=SA_RESTART|SA_SIGINFO
SIGUSR1: SIG_DFL, sa_mask[0]=00000000000000000000000000000000, sa_flags=none
SIGUSR2: [libjvm.dylib+0x4820b2], sa_mask[0]=00100000000000000000000000000000, sa_flags=SA_RESTART|SA_SIGINFO
SIGHUP: [libjvm.dylib+0x480689], sa_mask[0]=11111111011111110111111111111111, sa_flags=SA_RESTART|SA_SIGINFO
SIGINT: [libjvm.dylib+0x480689], sa_mask[0]=11111111011111110111111111111111, sa_flags=SA_RESTART|SA_SIGINFO
SIGTERM: [libjvm.dylib+0x480689], sa_mask[0]=11111111011111110111111111111111, sa_flags=SA_RESTART|SA_SIGINFO
SIGQUIT: [libjvm.dylib+0x480689], sa_mask[0]=11111111011111110111111111111111, sa_flags=SA_RESTART|SA_SIGINFO


---------------  S Y S T E M  ---------------

OS:Bsduname:Darwin 15.6.0 Darwin Kernel Version 15.6.0: Mon Aug 29 20:21:34 PDT 2016; root:xnu-3248.60.11~1/RELEASE_X86_64 x86_64
rlimit: STACK 8192k, CORE 0k, NPROC 709, NOFILE 10240, AS infinity
load average:1.92 1.84 1.82

CPU:total 4 (2 cores per cpu, 2 threads per core) family 6 model 61 stepping 4, cmov, cx8, fxsr, mmx, sse, sse2, sse3, ssse3, sse4.1, sse4.2, popcnt, avx, avx2, aes, clmul, erms, 3dnowpref, lzcnt, ht, tsc, tscinvbit, bmi1, bmi2, adx

Memory: 4k page, physical 8388608k(93460k free)

/proc/meminfo:


vm_info: Java HotSpot(TM) 64-Bit Server VM (25.91-b14) for bsd-amd64 JRE (1.8.0_91-b14), built on Apr  1 2016 01:03:00 by "java_re" with gcc 4.2.1 (Based on Apple Inc. build 5658) (LLVM build 2336.11.00)

time: Thu Sep 22 13:37:42 2016
elapsed time: 630 seconds (0d 0h 10m 30s)

